<?xml version="1.0" encoding="UTF-8"?>
<!-- Generated by org.testng.reporters.JUnitReportReporter -->
<testsuite hostname="DESKTOP-CILPBQ1" failures="0" tests="1" name="NewTest1" time="0.099" errors="0" timestamp="2023-09-08T16:14:25 IST" skipped="0">
  <testcase classname="NewTest1" name="f" time="0.099"/>
</testsuite> <!-- NewTest1 -->
